<?xml version="1.0" encoding="UTF-8"?>
<testsuite name="formula.AdditionTest" tests="3" skipped="0" failures="0" errors="0" timestamp="2022-11-22T13:37:13" hostname="V-PP-47-060" time="0.08">
  <properties/>
  <testcase name="derivative()" classname="formula.AdditionTest" time="0.056"/>
  <testcase name="testToString()" classname="formula.AdditionTest" time="0.016"/>
  <testcase name="eval()" classname="formula.AdditionTest" time="0.003"/>
  <system-out><![CDATA[]]></system-out>
  <system-err><![CDATA[]]></system-err>
</testsuite>
